#-----------------------------------------------------------
# Vivado v2015.3 (64-bit)
# SW Build 1368829 on Mon Sep 28 20:06:43 MDT 2015
# IP Build 1367837 on Mon Sep 28 08:56:14 MDT 2015
# Start of session at: Sun Feb 14 04:50:20 2016
# Process ID: 5696
# Current directory: C:/Users/kaveh/Documents/Extended Essay/GitHub/Extended-Essay/Mandelbrot_NOT_CLOCKED
# Command line: vivado.exe -gui_launcher_event rodinguilauncherevent10912 C:\Users\kaveh\Documents\Extended Essay\GitHub\Extended-Essay\Mandelbrot_NOT_CLOCKED\Mandelbrot_NOT_CLOCKED.xpr
# Log file: C:/Users/kaveh/Documents/Extended Essay/GitHub/Extended-Essay/Mandelbrot_NOT_CLOCKED/vivado.log
# Journal file: C:/Users/kaveh/Documents/Extended Essay/GitHub/Extended-Essay/Mandelbrot_NOT_CLOCKED\vivado.jou
#-----------------------------------------------------------
start_gui
open_project {C:/Users/kaveh/Documents/Extended Essay/GitHub/Extended-Essay/Mandelbrot_NOT_CLOCKED/Mandelbrot_NOT_CLOCKED.xpr}
INFO: [ProjectBase 1-489] The host OS only allows 260 characters in a normal path. The project is stored in a path with more than 80 characters. If you experience issues with IP, Block Designs, or files not being found, please consider moving the project to a location with a shorter path. Alternately consider using the OS subst command to map part of the path to a drive letter.
Current project path is 'C:/Users/kaveh/Documents/Extended Essay/GitHub/Extended-Essay/Mandelbrot_NOT_CLOCKED'
INFO: [Project 1-313] Project file moved from 'C:/Users/kaveh/Documents/Vivado Projects/Mandelbrot_NOT_CLOCKED' since last save.
Scanning sources...
Finished scanning sources
INFO: [IP_Flow 19-234] Refreshing IP repositories
INFO: [IP_Flow 19-1704] No user IP repositories specified
INFO: [IP_Flow 19-2313] Loaded Vivado IP repository 'C:/Xilinx/Vivado/2015.3/data/ip'.
open_project: Time (s): cpu = 00:00:17 ; elapsed = 00:00:08 . Memory (MB): peak = 693.406 ; gain = 119.047
reset_run impl_1 -prev_step 
launch_runs impl_1 -to_step write_bitstream
[Sun Feb 14 04:53:15 2016] Launched impl_1...
Run output will be captured here: C:/Users/kaveh/Documents/Extended Essay/GitHub/Extended-Essay/Mandelbrot_NOT_CLOCKED/Mandelbrot_NOT_CLOCKED.runs/impl_1/runme.log
open_hw
INFO: [Labtools 27-2285] Connecting to hw_server url TCP:localhost:3121
INFO: [Labtools 27-2222] Launching hw_server...
INFO: [Labtools 27-2221] Launch Output:

****** Xilinx hw_server v2015.3
  **** Build date : Sep 28 2015-20:29:55
    ** Copyright 1986-1999, 2001-2015 Xilinx, Inc. All Rights Reserved.


connect_hw_server -url localhost:3121
INFO: [Labtools 27-2285] Connecting to hw_server url TCP:localhost:3121
current_hw_target [get_hw_targets */xilinx_tcf/Digilent/210183698482A]
set_property PARAM.FREQUENCY 15000000 [get_hw_targets */xilinx_tcf/Digilent/210183698482A]
open_hw_target
INFO: [Labtoolstcl 44-466] Opening hw_target localhost:3121/xilinx_tcf/Digilent/210183698482A
set_property PROGRAM.FILE {C:/Users/kaveh/Documents/Extended Essay/GitHub/Extended-Essay/Mandelbrot_NOT_CLOCKED/Mandelbrot_NOT_CLOCKED.runs/impl_1/Single_Location.bit} [lindex [get_hw_devices] 0]
current_hw_device [lindex [get_hw_devices] 0]
refresh_hw_device -update_hw_probes false [lindex [get_hw_devices] 0]
INFO: [Labtools 27-1435] Device xc7a35t (JTAG device index = 0) is not programmed (DONE status = 0).
set_property PROBES.FILE {} [lindex [get_hw_devices] 0]
set_property PROGRAM.FILE {C:/Users/kaveh/Documents/Extended Essay/GitHub/Extended-Essay/Mandelbrot_NOT_CLOCKED/Mandelbrot_NOT_CLOCKED.runs/impl_1/Single_Location.bit} [lindex [get_hw_devices] 0]
program_hw_devices [lindex [get_hw_devices] 0]
INFO: [Labtools 27-3164] End of startup status: HIGH
refresh_hw_device [lindex [get_hw_devices] 0]
INFO: [Labtools 27-1434] Device xc7a35t (JTAG device index = 0) is programmed with a design that has no supported debug core(s) in it.
WARNING: [Labtools 27-3123] The debug hub core was not detected at User Scan Chain 1 or 3.
Resolution: 
1. Make sure the clock connected to the debug hub (dbg_hub) core is a free running clock and is active OR
2. Manually launch hw_server with -e "set xsdb-user-bscan <C_USER_SCAN_CHAIN scan_chain_number>" to detect the debug hub at User Scan Chain of 2 or 4. To determine the user scan chain setting, open the implemented design and use: get_property C_USER_SCAN_CHAIN [get_debug_cores dbg_hub].
ERROR: [Labtoolstcl 44-513] HW Target shutdown. Closing target: localhost:3121/xilinx_tcf/Digilent/210183698482A
exit
INFO: [Common 17-206] Exiting Vivado at Mon Feb 15 14:20:27 2016...
