#-----------------------------------------------------------
# Vivado v2015.4 (64-bit)
# SW Build 1412921 on Wed Nov 18 09:43:45 MST 2015
# IP Build 1412160 on Tue Nov 17 13:47:24 MST 2015
# Start of session at: Tue Feb 16 21:48:17 2016
# Process ID: 7900
# Current directory: D:/Files/Vivado/EE/Extended-Essay-master/Extended-Essay-master/Mandelbrot_NOT_CLOCKED
# Command line: vivado.exe -gui_launcher_event rodinguilauncherevent9820 D:\Files\Vivado\EE\Extended-Essay-master\Extended-Essay-master\Mandelbrot_NOT_CLOCKED\Mandelbrot_NOT_CLOCKED.xpr
# Log file: D:/Files/Vivado/EE/Extended-Essay-master/Extended-Essay-master/Mandelbrot_NOT_CLOCKED/vivado.log
# Journal file: D:/Files/Vivado/EE/Extended-Essay-master/Extended-Essay-master/Mandelbrot_NOT_CLOCKED\vivado.jou
#-----------------------------------------------------------
start_gui
open_project D:/Files/Vivado/EE/Extended-Essay-master/Extended-Essay-master/Mandelbrot_NOT_CLOCKED/Mandelbrot_NOT_CLOCKED.xpr
INFO: [ProjectBase 1-489] The host OS only allows 260 characters in a normal path. The project is stored in a path with more than 80 characters. If you experience issues with IP, Block Designs, or files not being found, please consider moving the project to a location with a shorter path. Alternately consider using the OS subst command to map part of the path to a drive letter.
Current project path is 'D:/Files/Vivado/EE/Extended-Essay-master/Extended-Essay-master/Mandelbrot_NOT_CLOCKED'
Scanning sources...
Finished scanning sources
WARNING: [filemgmt 56-3] IPUserFilesDir: Could not find the directory 'D:/Files/Vivado/EE/Extended-Essay-master/Extended-Essay-master/Mandelbrot_NOT_CLOCKED/Mandelbrot_NOT_CLOCKED.ip_user_files'.
WARNING: [filemgmt 56-3] IPStaticSourceDir: Could not find the directory 'D:/Files/Vivado/EE/Extended-Essay-master/Extended-Essay-master/Mandelbrot_NOT_CLOCKED/Mandelbrot_NOT_CLOCKED.ip_user_files/ipstatic'.
INFO: [IP_Flow 19-234] Refreshing IP repositories
INFO: [IP_Flow 19-1704] No user IP repositories specified
INFO: [IP_Flow 19-2313] Loaded Vivado IP repository 'D:/Programs/Vivado/Vivado/2015.4/data/ip'.
open_project: Time (s): cpu = 00:00:10 ; elapsed = 00:00:09 . Memory (MB): peak = 726.250 ; gain = 171.078
